lerna(info)    Lerna v2.0.0-beta.28
lerna(debug)   Attempting running PublishCommand.initialize
lerna(info)    Current version: 0.0.0
lerna(info)    Checking for updated packages...
lerna(info)    
lerna(info)    Changes:
lerna(info)    - blockjs-util-os: 1.0.0 => 0.0.0-alpha.0
lerna(info)    
lerna(debug)   Successfully ran PublishCommand.initialize
lerna(debug)   Attempting running PublishCommand.execute
lerna(info)    
lerna(info)    Publishing packages to npm...
lerna(debug)   No prepublish script found at /Users/karlzhong/gitflow/blockjs/packages/blockjs-util-os/scripts/prepublish.js
lerna(debug)   Publishing blockjs-util-os...
lerna(error)   Attempting to retry publishing blockjs-util-os...
    Error: Command failed: cd /Users/karlzhong/gitflow/blockjs/packages/blockjs-util-os && tnpm publish --tag lerna-temp
    npm ERR! publish Failed PUT 403
    npm ERR! Darwin 15.6.0
    npm ERR! argv "/usr/local/bin/node" "/usr/local/lib/node_modules/@tencent/tnpm/node_modules/.bin/npm" "--no-optional" "--no-shrinkwrap" "--proxy=http://r.tnpm.oa.com:80" "--userconfig=/Users/karlzhong/.tnpmrc" "--disturl=http://tnpm.oa.com/mirrors/node" "--cache=/Users/karlzhong/.tnpm" "--registry=http://r.tnpm.oa.com" "--node-gyp=/usr/local/lib/node_modules/@tencent/tnpm/node_modules/node-gyp/bin/node-gyp.js" "publish" "--tag" "lerna-temp"
    npm ERR! node v6.5.0
    npm ERR! npm  v3.8.9
    npm ERR! code E403
    
    npm ERR! no_perms only allow publish with @tencent scope(s): blockjs-util-os
    npm ERR! 
    npm ERR! If you need help, you may report this error at:
    npm ERR!     <https://github.com/npm/npm/issues>
    
    npm ERR! Please include the following file with any support request:
    npm ERR!     /Users/karlzhong/gitflow/blockjs/packages/blockjs-util-os/npm-debug.log
    
        at ChildProcess.exithandler (child_process.js:206:12)
        at emitTwo (events.js:106:13)
        at ChildProcess.emit (events.js:191:7)
        at maybeClose (internal/child_process.js:877:16)
        at Socket.<anonymous> (internal/child_process.js:334:11)
        at emitOne (events.js:96:13)
        at Socket.emit (events.js:188:7)
        at Pipe._handle.close [as _onclose] (net.js:493:12)
lerna(debug)   Publishing blockjs-util-os...
lerna(error)   Attempting to retry publishing blockjs-util-os...
    Error: Command failed: cd /Users/karlzhong/gitflow/blockjs/packages/blockjs-util-os && tnpm publish --tag lerna-temp
    npm ERR! publish Failed PUT 403
    npm ERR! Darwin 15.6.0
    npm ERR! argv "/usr/local/bin/node" "/usr/local/lib/node_modules/@tencent/tnpm/node_modules/.bin/npm" "--no-optional" "--no-shrinkwrap" "--proxy=http://r.tnpm.oa.com:80" "--userconfig=/Users/karlzhong/.tnpmrc" "--disturl=http://tnpm.oa.com/mirrors/node" "--cache=/Users/karlzhong/.tnpm" "--registry=http://r.tnpm.oa.com" "--node-gyp=/usr/local/lib/node_modules/@tencent/tnpm/node_modules/node-gyp/bin/node-gyp.js" "publish" "--tag" "lerna-temp"
    npm ERR! node v6.5.0
    npm ERR! npm  v3.8.9
    npm ERR! code E403
    
    npm ERR! no_perms only allow publish with @tencent scope(s): blockjs-util-os
    npm ERR! 
    npm ERR! If you need help, you may report this error at:
    npm ERR!     <https://github.com/npm/npm/issues>
    
    npm ERR! Please include the following file with any support request:
    npm ERR!     /Users/karlzhong/gitflow/blockjs/packages/blockjs-util-os/npm-debug.log
    
        at ChildProcess.exithandler (child_process.js:206:12)
        at emitTwo (events.js:106:13)
        at ChildProcess.emit (events.js:191:7)
        at maybeClose (internal/child_process.js:877:16)
        at Process.ChildProcess._handle.onexit (internal/child_process.js:226:5)
lerna(debug)   Publishing blockjs-util-os...
lerna(error)   Attempting to retry publishing blockjs-util-os...
lerna(debug)   Publishing blockjs-util-os...
lerna(error)   Attempting to retry publishing blockjs-util-os...
lerna(debug)   Publishing blockjs-util-os...
lerna(error)   Ran out of retries while publishing blockjs-util-os
lerna(error)   Errored while running PublishCommand.execute
